2023-10-30 16:49:46,029 INFO [restartedMain] c.n.c.CommunityApplication [StartupInfoLogger.java:50] Starting CommunityApplication on heshuwendeMacBook-Air.local with PID 32849 (/Users/heshuwen/Documents/newcoder_project/code_section/part02/community-2.8/target/classes started by heshuwen in /Users/heshuwen/Documents/newcoder_project/code_section/part02/community-2.8)
2023-10-30 16:49:46,039 INFO [restartedMain] c.n.c.CommunityApplication [SpringApplication.java:675] No active profile set, falling back to default profiles: default
2023-10-30 16:49:46,076 INFO [restartedMain] o.s.b.d.e.DevToolsPropertyDefaultsPostProcessor [DeferredLog.java:227] Devtools property defaults active! Set 'spring.devtools.add-properties' to 'false' to disable
2023-10-30 16:49:46,077 INFO [restartedMain] o.s.b.d.e.DevToolsPropertyDefaultsPostProcessor [DeferredLog.java:227] For additional web related logging consider setting the 'logging.level.web' property to 'DEBUG'
2023-10-30 16:49:46,663 INFO [restartedMain] o.s.b.w.e.t.TomcatWebServer [TomcatWebServer.java:90] Tomcat initialized with port(s): 8080 (http)
2023-10-30 16:49:46,668 INFO [restartedMain] o.a.c.h.Http11NioProtocol [DirectJDKLog.java:173] Initializing ProtocolHandler ["http-nio-8080"]
2023-10-30 16:49:46,672 INFO [restartedMain] o.a.c.c.StandardService [DirectJDKLog.java:173] Starting service [Tomcat]
2023-10-30 16:49:46,672 INFO [restartedMain] o.a.c.c.StandardEngine [DirectJDKLog.java:173] Starting Servlet engine: [Apache Tomcat/9.0.19]
2023-10-30 16:49:46,706 INFO [restartedMain] o.a.c.c.C.[.[.[/community] [DirectJDKLog.java:173] Initializing Spring embedded WebApplicationContext
2023-10-30 16:49:46,706 INFO [restartedMain] o.s.w.c.ContextLoader [ServletWebServerApplicationContext.java:296] Root WebApplicationContext: initialization completed in 629 ms
2023-10-30 16:49:46,922 INFO [restartedMain] o.s.s.c.ThreadPoolTaskExecutor [ExecutorConfigurationSupport.java:171] Initializing ExecutorService 'applicationTaskExecutor'
2023-10-30 16:49:46,998 INFO [restartedMain] o.s.b.a.w.s.WelcomePageHandlerMapping [WelcomePageHandlerMapping.java:61] Adding welcome page template: index
2023-10-30 16:49:47,039 INFO [restartedMain] o.s.b.d.a.OptionalLiveReloadServer [OptionalLiveReloadServer.java:57] LiveReload server is running on port 35729
2023-10-30 16:49:47,053 INFO [restartedMain] o.a.c.h.Http11NioProtocol [DirectJDKLog.java:173] Starting ProtocolHandler ["http-nio-8080"]
2023-10-30 16:49:47,062 INFO [restartedMain] o.s.b.w.e.t.TomcatWebServer [TomcatWebServer.java:204] Tomcat started on port(s): 8080 (http) with context path '/community'
2023-10-30 16:49:47,063 INFO [restartedMain] c.n.c.CommunityApplication [StartupInfoLogger.java:59] Started CommunityApplication in 1.227 seconds (JVM running for 1.463)
2023-10-30 16:49:53,566 INFO [http-nio-8080-exec-1] o.a.c.c.C.[.[.[/community] [DirectJDKLog.java:173] Initializing Spring DispatcherServlet 'dispatcherServlet'
2023-10-30 16:49:53,566 INFO [http-nio-8080-exec-1] o.s.w.s.DispatcherServlet [FrameworkServlet.java:524] Initializing Servlet 'dispatcherServlet'
2023-10-30 16:49:53,570 INFO [http-nio-8080-exec-1] o.s.w.s.DispatcherServlet [FrameworkServlet.java:546] Completed initialization in 4 ms
2023-10-30 16:49:53,601 INFO [http-nio-8080-exec-1] c.z.h.HikariDataSource [HikariDataSource.java:110] HikariPool-1 - Starting...
2023-10-30 16:49:53,668 INFO [http-nio-8080-exec-1] c.z.h.HikariDataSource [HikariDataSource.java:123] HikariPool-1 - Start completed.
2023-10-30 16:52:37,569 INFO [Thread-6] o.s.s.c.ThreadPoolTaskExecutor [ExecutorConfigurationSupport.java:208] Shutting down ExecutorService 'applicationTaskExecutor'
2023-10-30 16:52:37,570 INFO [Thread-6] c.z.h.HikariDataSource [HikariDataSource.java:350] HikariPool-1 - Shutdown initiated...
2023-10-30 16:52:37,576 INFO [Thread-6] c.z.h.HikariDataSource [HikariDataSource.java:352] HikariPool-1 - Shutdown completed.
2023-10-30 16:52:37,856 INFO [restartedMain] c.n.c.CommunityApplication [StartupInfoLogger.java:50] Starting CommunityApplication on heshuwendeMacBook-Air.local with PID 32849 (/Users/heshuwen/Documents/newcoder_project/code_section/part02/community-2.8/target/classes started by heshuwen in /Users/heshuwen/Documents/newcoder_project/code_section/part02/community-2.8)
2023-10-30 16:52:37,856 INFO [restartedMain] c.n.c.CommunityApplication [SpringApplication.java:675] No active profile set, falling back to default profiles: default
2023-10-30 16:52:37,989 INFO [restartedMain] o.s.b.w.e.t.TomcatWebServer [TomcatWebServer.java:90] Tomcat initialized with port(s): 8080 (http)
2023-10-30 16:52:37,989 INFO [restartedMain] o.a.c.h.Http11NioProtocol [DirectJDKLog.java:173] Initializing ProtocolHandler ["http-nio-8080"]
2023-10-30 16:52:37,989 INFO [restartedMain] o.a.c.c.StandardService [DirectJDKLog.java:173] Starting service [Tomcat]
2023-10-30 16:52:37,989 INFO [restartedMain] o.a.c.c.StandardEngine [DirectJDKLog.java:173] Starting Servlet engine: [Apache Tomcat/9.0.19]
2023-10-30 16:52:37,993 INFO [restartedMain] o.a.c.c.C.[.[.[/community] [DirectJDKLog.java:173] Initializing Spring embedded WebApplicationContext
2023-10-30 16:52:37,993 INFO [restartedMain] o.s.w.c.ContextLoader [ServletWebServerApplicationContext.java:296] Root WebApplicationContext: initialization completed in 136 ms
2023-10-30 16:52:38,071 INFO [restartedMain] o.s.s.c.ThreadPoolTaskExecutor [ExecutorConfigurationSupport.java:171] Initializing ExecutorService 'applicationTaskExecutor'
2023-10-30 16:52:38,092 INFO [restartedMain] o.s.b.a.w.s.WelcomePageHandlerMapping [WelcomePageHandlerMapping.java:61] Adding welcome page template: index
2023-10-30 16:52:38,112 INFO [restartedMain] o.s.b.d.a.OptionalLiveReloadServer [OptionalLiveReloadServer.java:57] LiveReload server is running on port 35729
2023-10-30 16:52:38,122 INFO [restartedMain] o.a.c.h.Http11NioProtocol [DirectJDKLog.java:173] Starting ProtocolHandler ["http-nio-8080"]
2023-10-30 16:52:38,123 INFO [restartedMain] o.s.b.w.e.t.TomcatWebServer [TomcatWebServer.java:204] Tomcat started on port(s): 8080 (http) with context path '/community'
2023-10-30 16:52:38,123 INFO [restartedMain] c.n.c.CommunityApplication [StartupInfoLogger.java:59] Started CommunityApplication in 0.439 seconds (JVM running for 172.521)
2023-10-30 16:52:38,124 INFO [restartedMain] o.s.b.d.a.ConditionEvaluationDeltaLoggingListener [ConditionEvaluationDeltaLoggingListener.java:70] Condition evaluation unchanged
2023-10-30 16:52:42,847 INFO [http-nio-8080-exec-1] o.a.c.c.C.[.[.[/community] [DirectJDKLog.java:173] Initializing Spring DispatcherServlet 'dispatcherServlet'
2023-10-30 16:52:42,850 INFO [http-nio-8080-exec-1] o.s.w.s.DispatcherServlet [FrameworkServlet.java:524] Initializing Servlet 'dispatcherServlet'
2023-10-30 16:52:42,860 INFO [http-nio-8080-exec-1] o.s.w.s.DispatcherServlet [FrameworkServlet.java:546] Completed initialization in 10 ms
2023-10-30 16:52:42,873 INFO [http-nio-8080-exec-1] c.z.h.HikariDataSource [HikariDataSource.java:110] HikariPool-2 - Starting...
2023-10-30 16:52:42,883 INFO [http-nio-8080-exec-1] c.z.h.HikariDataSource [HikariDataSource.java:123] HikariPool-2 - Start completed.
2023-10-30 18:02:16,465 INFO [Thread-19] o.s.s.c.ThreadPoolTaskExecutor [ExecutorConfigurationSupport.java:208] Shutting down ExecutorService 'applicationTaskExecutor'
2023-10-30 18:02:16,466 INFO [Thread-19] c.z.h.HikariDataSource [HikariDataSource.java:350] HikariPool-2 - Shutdown initiated...
2023-10-30 18:02:16,469 INFO [Thread-19] c.z.h.HikariDataSource [HikariDataSource.java:352] HikariPool-2 - Shutdown completed.
2023-10-30 19:47:30,203 INFO [main] c.n.c.MailTests [StartupInfoLogger.java:50] Starting MailTests on heshuwendeMacBook-Air.local with PID 35568 (started by heshuwen in /Users/heshuwen/Documents/newcoder_project/code_section/part02/community-2.8)
2023-10-30 19:47:30,204 INFO [main] c.n.c.MailTests [SpringApplication.java:675] No active profile set, falling back to default profiles: default
2023-10-30 19:47:31,496 INFO [main] o.s.s.c.ThreadPoolTaskExecutor [ExecutorConfigurationSupport.java:171] Initializing ExecutorService 'applicationTaskExecutor'
2023-10-30 19:47:31,597 INFO [main] o.s.b.a.w.s.WelcomePageHandlerMapping [WelcomePageHandlerMapping.java:61] Adding welcome page template: index
2023-10-30 19:47:31,736 INFO [main] c.n.c.MailTests [StartupInfoLogger.java:59] Started MailTests in 1.851 seconds (JVM running for 2.215)
2023-10-30 19:47:36,393 INFO [Thread-3] o.s.s.c.ThreadPoolTaskExecutor [ExecutorConfigurationSupport.java:208] Shutting down ExecutorService 'applicationTaskExecutor'
2023-10-30 19:48:27,543 INFO [main] c.n.c.MailTests [StartupInfoLogger.java:50] Starting MailTests on heshuwendeMacBook-Air.local with PID 35587 (started by heshuwen in /Users/heshuwen/Documents/newcoder_project/code_section/part02/community-2.8)
2023-10-30 19:48:27,544 INFO [main] c.n.c.MailTests [SpringApplication.java:675] No active profile set, falling back to default profiles: default
2023-10-30 19:48:28,743 INFO [main] o.s.s.c.ThreadPoolTaskExecutor [ExecutorConfigurationSupport.java:171] Initializing ExecutorService 'applicationTaskExecutor'
2023-10-30 19:48:28,829 INFO [main] o.s.b.a.w.s.WelcomePageHandlerMapping [WelcomePageHandlerMapping.java:61] Adding welcome page template: index
2023-10-30 19:48:28,954 INFO [main] c.n.c.MailTests [StartupInfoLogger.java:59] Started MailTests in 1.653 seconds (JVM running for 2.075)
2023-10-30 19:48:30,449 INFO [Thread-3] o.s.s.c.ThreadPoolTaskExecutor [ExecutorConfigurationSupport.java:208] Shutting down ExecutorService 'applicationTaskExecutor'
2023-10-30 19:57:29,846 INFO [main] c.n.c.MailTests [StartupInfoLogger.java:50] Starting MailTests on heshuwendeMacBook-Air.local with PID 35752 (started by heshuwen in /Users/heshuwen/Documents/newcoder_project/code_section/part02/community-2.8)
2023-10-30 19:57:29,847 INFO [main] c.n.c.MailTests [SpringApplication.java:675] No active profile set, falling back to default profiles: default
2023-10-30 19:57:31,037 INFO [main] o.s.s.c.ThreadPoolTaskExecutor [ExecutorConfigurationSupport.java:171] Initializing ExecutorService 'applicationTaskExecutor'
2023-10-30 19:57:31,128 INFO [main] o.s.b.a.w.s.WelcomePageHandlerMapping [WelcomePageHandlerMapping.java:61] Adding welcome page template: index
2023-10-30 19:57:31,248 INFO [main] c.n.c.MailTests [StartupInfoLogger.java:59] Started MailTests in 1.632 seconds (JVM running for 2.035)
2023-10-30 19:57:41,559 INFO [Thread-3] o.s.s.c.ThreadPoolTaskExecutor [ExecutorConfigurationSupport.java:208] Shutting down ExecutorService 'applicationTaskExecutor'
2023-10-30 20:24:47,730 INFO [main] c.n.c.MailTests [StartupInfoLogger.java:50] Starting MailTests on heshuwendeMacBook-Air.local with PID 36198 (started by heshuwen in /Users/heshuwen/Documents/newcoder_project/code_section/part02/community-2.8)
2023-10-30 20:24:47,732 INFO [main] c.n.c.MailTests [SpringApplication.java:675] No active profile set, falling back to default profiles: default
2023-10-30 20:24:48,868 INFO [main] o.s.s.c.ThreadPoolTaskExecutor [ExecutorConfigurationSupport.java:171] Initializing ExecutorService 'applicationTaskExecutor'
2023-10-30 20:24:48,964 INFO [main] o.s.b.a.w.s.WelcomePageHandlerMapping [WelcomePageHandlerMapping.java:61] Adding welcome page template: index
2023-10-30 20:24:49,097 INFO [main] c.n.c.MailTests [StartupInfoLogger.java:59] Started MailTests in 1.697 seconds (JVM running for 2.03)
2023-10-30 20:24:55,265 INFO [Thread-3] o.s.s.c.ThreadPoolTaskExecutor [ExecutorConfigurationSupport.java:208] Shutting down ExecutorService 'applicationTaskExecutor'
2023-10-30 21:20:03,464 INFO [restartedMain] c.n.c.CommunityApplication [StartupInfoLogger.java:50] Starting CommunityApplication on heshuwendeMacBook-Air.local with PID 37265 (/Users/heshuwen/Documents/newcoder_project/code_section/part02/community-2.8/target/classes started by heshuwen in /Users/heshuwen/Documents/newcoder_project/code_section/part02/community-2.8)
2023-10-30 21:20:03,467 INFO [restartedMain] c.n.c.CommunityApplication [SpringApplication.java:675] No active profile set, falling back to default profiles: default
2023-10-30 21:20:03,490 INFO [restartedMain] o.s.b.d.e.DevToolsPropertyDefaultsPostProcessor [DeferredLog.java:227] Devtools property defaults active! Set 'spring.devtools.add-properties' to 'false' to disable
2023-10-30 21:20:03,491 INFO [restartedMain] o.s.b.d.e.DevToolsPropertyDefaultsPostProcessor [DeferredLog.java:227] For additional web related logging consider setting the 'logging.level.web' property to 'DEBUG'
2023-10-30 21:20:04,058 INFO [restartedMain] o.s.b.w.e.t.TomcatWebServer [TomcatWebServer.java:90] Tomcat initialized with port(s): 8080 (http)
2023-10-30 21:20:04,064 INFO [restartedMain] o.a.c.h.Http11NioProtocol [DirectJDKLog.java:173] Initializing ProtocolHandler ["http-nio-8080"]
2023-10-30 21:20:04,073 INFO [restartedMain] o.a.c.c.StandardService [DirectJDKLog.java:173] Starting service [Tomcat]
2023-10-30 21:20:04,074 INFO [restartedMain] o.a.c.c.StandardEngine [DirectJDKLog.java:173] Starting Servlet engine: [Apache Tomcat/9.0.19]
2023-10-30 21:20:04,108 INFO [restartedMain] o.a.c.c.C.[.[.[/community] [DirectJDKLog.java:173] Initializing Spring embedded WebApplicationContext
2023-10-30 21:20:04,108 INFO [restartedMain] o.s.w.c.ContextLoader [ServletWebServerApplicationContext.java:296] Root WebApplicationContext: initialization completed in 617 ms
2023-10-30 21:20:04,364 INFO [restartedMain] o.s.s.c.ThreadPoolTaskExecutor [ExecutorConfigurationSupport.java:171] Initializing ExecutorService 'applicationTaskExecutor'
2023-10-30 21:20:04,410 INFO [restartedMain] o.s.b.a.w.s.WelcomePageHandlerMapping [WelcomePageHandlerMapping.java:61] Adding welcome page template: index
2023-10-30 21:20:04,456 INFO [restartedMain] o.s.b.d.a.OptionalLiveReloadServer [OptionalLiveReloadServer.java:57] LiveReload server is running on port 35729
2023-10-30 21:20:04,471 INFO [restartedMain] o.a.c.h.Http11NioProtocol [DirectJDKLog.java:173] Starting ProtocolHandler ["http-nio-8080"]
2023-10-30 21:20:04,481 INFO [restartedMain] o.s.b.w.e.t.TomcatWebServer [TomcatWebServer.java:204] Tomcat started on port(s): 8080 (http) with context path '/community'
2023-10-30 21:20:04,482 INFO [restartedMain] c.n.c.CommunityApplication [StartupInfoLogger.java:59] Started CommunityApplication in 1.266 seconds (JVM running for 1.556)
2023-10-30 21:20:07,962 INFO [http-nio-8080-exec-2] o.a.c.c.C.[.[.[/community] [DirectJDKLog.java:173] Initializing Spring DispatcherServlet 'dispatcherServlet'
2023-10-30 21:20:07,962 INFO [http-nio-8080-exec-2] o.s.w.s.DispatcherServlet [FrameworkServlet.java:524] Initializing Servlet 'dispatcherServlet'
2023-10-30 21:20:07,970 INFO [http-nio-8080-exec-2] o.s.w.s.DispatcherServlet [FrameworkServlet.java:546] Completed initialization in 7 ms
2023-10-30 21:20:10,793 INFO [http-nio-8080-exec-4] c.z.h.HikariDataSource [HikariDataSource.java:110] HikariPool-1 - Starting...
2023-10-30 21:20:10,873 INFO [http-nio-8080-exec-4] c.z.h.HikariDataSource [HikariDataSource.java:123] HikariPool-1 - Start completed.
2023-10-30 21:26:07,808 INFO [Thread-11] o.s.s.c.ThreadPoolTaskExecutor [ExecutorConfigurationSupport.java:208] Shutting down ExecutorService 'applicationTaskExecutor'
2023-10-30 21:26:07,810 INFO [Thread-11] c.z.h.HikariDataSource [HikariDataSource.java:350] HikariPool-1 - Shutdown initiated...
2023-10-30 21:26:07,813 INFO [Thread-11] c.z.h.HikariDataSource [HikariDataSource.java:352] HikariPool-1 - Shutdown completed.
